#
# There is insufficient memory for the Java Runtime Environment to continue.
# Native memory allocation (mmap) failed to map 130023424 bytes for Failed to commit area from 0x0000000084e00000 to 0x000000008ca00000 of length 130023424.
# Possible reasons:
#   The system is out of physical RAM or swap space
#   The process is running with CompressedOops enabled, and the Java Heap may be blocking the growth of the native heap
# Possible solutions:
#   Reduce memory load on the system
#   Increase physical memory or swap space
#   Check if swap backing store is full
#   Decrease Java heap size (-Xmx/-Xms)
#   Decrease number of Java threads
#   Decrease Java thread stack sizes (-Xss)
#   Set larger code cache with -XX:ReservedCodeCacheSize=
# This output file may be truncated or incomplete.
#
#  Out of Memory Error (t:/workspace/open/src/hotspot/os/windows/os_windows.cpp:3264), pid=19180, tid=10004
#
# JRE version:  (12.0.2+10) (build )
# Java VM: Java HotSpot(TM) 64-Bit Server VM (12.0.2+10, mixed mode, aot, sharing, tiered, compressed oops, g1 gc, windows-amd64)
# No core dump will be written. Minidumps are not enabled by default on client versions of Windows
#

---------------  S U M M A R Y ------------

Command Line: -Dfile.encoding=Cp1252 --module-path=C:\Users\PC\eclipse-workspace\currency\bin;D:\Users\Documents\IES praktika\dom-2.3.0-jaxb-1.0.6.jar -Djdk.module.main=currency currency/currency.CurrencyStats

Host: Intel(R) Core(TM) i5-4300U CPU @ 1.90GHz, 4 cores, 7G,  Windows 10 , 64 bit Build 17763 (10.0.17763.475)
Time: Tue Dec  3 11:34:06 2019 FLE Standard Time elapsed time: 0 seconds (0d 0h 0m 0s)

---------------  T H R E A D  ---------------

Current thread (0x000001f9d2c29800):  JavaThread "Unknown thread" [_thread_in_vm, id=10004, stack(0x00000022d3600000,0x00000022d3700000)]

Stack: [0x00000022d3600000,0x00000022d3700000]
Native frames: (J=compiled Java code, j=interpreted, Vv=VM code, C=native code)
V  [jvm.dll+0x63aa2a]
V  [jvm.dll+0x78ce1e]
V  [jvm.dll+0x78e4c1]
V  [jvm.dll+0x78eb13]
V  [jvm.dll+0x2627e8]
V  [jvm.dll+0x637f5a]
V  [jvm.dll+0x62c845]
V  [jvm.dll+0x31e49c]
V  [jvm.dll+0x31e2cf]
V  [jvm.dll+0x324006]
V  [jvm.dll+0x371f56]
V  [jvm.dll+0x371720]
V  [jvm.dll+0x2f845a]
V  [jvm.dll+0x2f96d2]
V  [jvm.dll+0x767267]
V  [jvm.dll+0x7689f5]
V  [jvm.dll+0x380059]
V  [jvm.dll+0x74b794]
V  [jvm.dll+0x3ef5cd]
V  [jvm.dll+0x3f1471]
C  [jli.dll+0x51cf]
C  [ucrtbase.dll+0x21ffa]
C  [KERNEL32.DLL+0x17974]
C  [ntdll.dll+0x6a271]


---------------  P R O C E S S  ---------------

Threads class SMR info:
_java_thread_list=0x00007ffd53ee7928, length=0, elements={
}

Java Threads: ( => current thread )

Other Threads:
  0x000001f9d2c6a000 GCTaskThread "GC Thread#0" [stack: 0x00000022d3700000,0x00000022d3800000] [id=16072]
  0x000001f9d2c79800 ConcurrentGCThread "G1 Main Marker" [stack: 0x00000022d3800000,0x00000022d3900000] [id=14372]
  0x000001f9d2c7c800 ConcurrentGCThread "G1 Conc#0" [stack: 0x00000022d3900000,0x00000022d3a00000] [id=7932]

[error occurred during error reporting (printing all threads), id 0xc0000005, EXCEPTION_ACCESS_VIOLATION (0xc0000005) at pc=0x00007ffd537185e7]

VM state:not at safepoint (not fully initialized)

VM Mutex/Monitor currently owned by a thread:  ([mutex/lock_event])
[0x000001f9d2c27cf0] Heap_lock - owner thread: 0x000001f9d2c29800

Heap address: 0x0000000084e00000, size: 1970 MB, Compressed Oops mode: Non-zero based: 0x0000000084e00000
Narrow klass base: 0x0000000000000000, Narrow klass shift: 0

GC Heap History (0 events):
No events

Deoptimization events (0 events):
No events

Classes redefined (0 events):
No events

Internal exceptions (0 events):
No events

Events (0 events):
No events


Dynamic libraries:
0x00007ff601290000 - 0x00007ff60129f000 	C:\Program Files\Java\jdk-12.0.2\bin\javaw.exe
0x00007ffdbf6b0000 - 0x00007ffdbf89d000 	C:\WINDOWS\SYSTEM32\ntdll.dll
0x00007ffd80870000 - 0x00007ffd80884000 	C:\Program Files\AVAST Software\Avast\aswhook.dll
0x00007ffdbcff0000 - 0x00007ffdbd0a3000 	C:\WINDOWS\System32\KERNEL32.DLL
0x00007ffdbb950000 - 0x00007ffdbbbe3000 	C:\WINDOWS\System32\KERNELBASE.dll
0x00007ffdbc6d0000 - 0x00007ffdbc7ca000 	C:\WINDOWS\System32\ucrtbase.dll
0x00007ffda9ec0000 - 0x00007ffda9ed8000 	C:\Program Files\Java\jdk-12.0.2\bin\jli.dll
0x00007ffdbec10000 - 0x00007ffdbecb3000 	C:\WINDOWS\System32\ADVAPI32.dll
0x00007ffdbf400000 - 0x00007ffdbf49e000 	C:\WINDOWS\System32\msvcrt.dll
0x00007ffdbd0b0000 - 0x00007ffdbd14e000 	C:\WINDOWS\System32\sechost.dll
0x00007ffdbe6d0000 - 0x00007ffdbe7f2000 	C:\WINDOWS\System32\RPCRT4.dll
0x00007ffdbce50000 - 0x00007ffdbcfe7000 	C:\WINDOWS\System32\USER32.dll
0x00007ffdbc7d0000 - 0x00007ffdbc7f0000 	C:\WINDOWS\System32\win32u.dll
0x00007ffdbecc0000 - 0x00007ffdbece9000 	C:\WINDOWS\System32\GDI32.dll
0x00007ffdbbd40000 - 0x00007ffdbbed9000 	C:\WINDOWS\System32\gdi32full.dll
0x00007ffdbbee0000 - 0x00007ffdbbf80000 	C:\WINDOWS\System32\msvcp_win.dll
0x00007ffd9f530000 - 0x00007ffd9f546000 	C:\Program Files\Java\jdk-12.0.2\bin\VCRUNTIME140.dll
0x00007ffdad1c0000 - 0x00007ffdad439000 	C:\WINDOWS\WinSxS\amd64_microsoft.windows.common-controls_6595b64144ccf1df_6.0.17763.864_none_05b3441807210760\COMCTL32.dll
0x00007ffdbedf0000 - 0x00007ffdbf11c000 	C:\WINDOWS\System32\combase.dll
0x00007ffdbc7f0000 - 0x00007ffdbc86e000 	C:\WINDOWS\System32\bcryptPrimitives.dll
0x00007ffdb1f70000 - 0x00007ffdb1f7a000 	C:\WINDOWS\SYSTEM32\VERSION.dll
0x00007ffdbcdc0000 - 0x00007ffdbcdee000 	C:\WINDOWS\System32\IMM32.DLL
0x00007ffd994b0000 - 0x00007ffd9955a000 	C:\Program Files\Java\jdk-12.0.2\bin\msvcp140.dll
0x00007ffd53410000 - 0x00007ffd53f87000 	C:\Program Files\Java\jdk-12.0.2\bin\server\jvm.dll
0x00007ffdbf120000 - 0x00007ffdbf128000 	C:\WINDOWS\System32\PSAPI.DLL
0x00007ffda9bd0000 - 0x00007ffda9bd9000 	C:\WINDOWS\SYSTEM32\WSOCK32.dll
0x00007ffdbcd50000 - 0x00007ffdbcdbd000 	C:\WINDOWS\System32\WS2_32.dll
0x00007ffdb7810000 - 0x00007ffdb7834000 	C:\WINDOWS\SYSTEM32\WINMM.dll
0x00007ffdb77e0000 - 0x00007ffdb780d000 	C:\WINDOWS\SYSTEM32\WINMMBASE.dll
0x00007ffdbbbf0000 - 0x00007ffdbbc3a000 	C:\WINDOWS\System32\cfgmgr32.dll
0x00007ffdbb6a0000 - 0x00007ffdbb6b1000 	C:\WINDOWS\System32\kernel.appcore.dll
0x00007ffdabcf0000 - 0x00007ffdabd01000 	C:\Program Files\Java\jdk-12.0.2\bin\verify.dll
0x00007ffdb1810000 - 0x00007ffdb19fd000 	C:\WINDOWS\SYSTEM32\DBGHELP.DLL
0x00007ffdb17e0000 - 0x00007ffdb180a000 	C:\WINDOWS\SYSTEM32\dbgcore.DLL
0x00007ffda6f90000 - 0x00007ffda6fb6000 	C:\Program Files\Java\jdk-12.0.2\bin\java.dll
0x00007ffdaaa90000 - 0x00007ffdaaaa7000 	C:\Program Files\Java\jdk-12.0.2\bin\zip.dll
0x00007ffdb6220000 - 0x00007ffdb622a000 	C:\Program Files\Java\jdk-12.0.2\bin\jimage.dll

dbghelp: loaded successfully - version: 4.0.5 - missing functions: none
symbol engine: initialized successfully - sym options: 0x614 - pdb path: .;C:\Program Files\Java\jdk-12.0.2\bin;C:\WINDOWS\SYSTEM32;C:\Program Files\AVAST Software\Avast;C:\WINDOWS\WinSxS\amd64_microsoft.windows.common-controls_6595b64144ccf1df_6.0.17763.864_none_05b3441807210760;C:\Program Files\Java\jdk-12.0.2\bin\server

VM Arguments:
jvm_args: -Dfile.encoding=Cp1252 --module-path=C:\Users\PC\eclipse-workspace\currency\bin;D:\Users\Documents\IES praktika\dom-2.3.0-jaxb-1.0.6.jar -Djdk.module.main=currency 
java_command: currency/currency.CurrencyStats
java_class_path (initial): <not set>
Launcher Type: SUN_STANDARD

[Global flags]
     intx CICompilerCount                          = 3                                         {product} {ergonomic}
     uint ConcGCThreads                            = 1                                         {product} {ergonomic}
     uint G1ConcRefinementThreads                  = 4                                         {product} {ergonomic}
   size_t G1HeapRegionSize                         = 1048576                                   {product} {ergonomic}
    uintx GCDrainStackTargetSize                   = 64                                        {product} {ergonomic}
   size_t InitialHeapSize                          = 130023424                                 {product} {ergonomic}
   size_t MarkStackSize                            = 4194304                                   {product} {ergonomic}
   size_t MaxHeapSize                              = 2065694720                                {product} {ergonomic}
   size_t MinHeapDeltaBytes                        = 1048576                                   {product} {ergonomic}
    uintx NonNMethodCodeHeapSize                   = 5830732                                {pd product} {ergonomic}
    uintx NonProfiledCodeHeapSize                  = 122913754                              {pd product} {ergonomic}
    uintx ProfiledCodeHeapSize                     = 122913754                              {pd product} {ergonomic}
    uintx ReservedCodeCacheSize                    = 251658240                              {pd product} {ergonomic}
     bool SegmentedCodeCache                       = true                                      {product} {ergonomic}
     bool UseCompressedClassPointers               = true                                 {lp64_product} {ergonomic}
     bool UseCompressedOops                        = true                                 {lp64_product} {ergonomic}
     bool UseG1GC                                  = true                                      {product} {ergonomic}
     bool UseLargePagesIndividualAllocation        = false                                  {pd product} {ergonomic}

Logging:
Log output configuration:
 #0: stdout all=warning uptime,level,tags
 #1: stderr all=off uptime,level,tags

Environment Variables:
PATH=C:/Program Files/Java/jdk-12.0.2/bin/server;C:/Program Files/Java/jdk-12.0.2/bin;C:\ProgramData\Oracle\Java\javapath;C:\WINDOWS\system32;C:\WINDOWS;C:\WINDOWS\System32\Wbem;C:\WINDOWS\System32\WindowsPowerShell\v1.0\;C:\WINDOWS\System32\OpenSSH\;C:\Program Files\dotnet\;C:\Program Files\Microsoft SQL Server\130\Tools\Binn\;C:\Program Files\Java\jdk-12.0.2\bin;C:\Program Files\Git\cmd;C:\Program Files (x86)\Yarn\bin\;C:\Users\PC\AppData\Roaming\nvm;C:\Program Files\nodejs;C:\Users\PC\AppData\Local\Microsoft\WindowsApps;C:\Users\PC\AppData\Local\GitHubDesktop\bin;C:\Users\PC\AppData\Roaming\npm;C:\Users\PC\AppData\Local\Yarn\bin;C:\Users\PC\AppData\Local\Programs\Microsoft VS Code\bin;C:\Users\PC\AppData\Roaming\nvm;C:\Program Files\nodejs;D:\Users\Desktop;
USERNAME=PC
OS=Windows_NT
PROCESSOR_IDENTIFIER=Intel64 Family 6 Model 69 Stepping 1, GenuineIntel



---------------  S Y S T E M  ---------------

OS: Windows 10 , 64 bit Build 17763 (10.0.17763.475)

CPU:total 4 (initial active 4) (2 cores per cpu, 2 threads per core) family 6 model 69 stepping 1, cmov, cx8, fxsr, mmx, sse, sse2, sse3, ssse3, sse4.1, sse4.2, popcnt, avx, avx2, aes, clmul, erms, lzcnt, ht, tsc, tscinvbit, bmi1, bmi2, fma

Memory: 4k page, system-wide physical 7878M (2015M free)
TotalPageFile size 16343M (AvailPageFile size 39M)
current process WorkingSet (physical memory assigned to process): 10M, peak: 10M
current process commit charge ("private bytes"): 52M, peak: 176M

vm_info: Java HotSpot(TM) 64-Bit Server VM (12.0.2+10) for windows-amd64 JRE (12.0.2+10), built on Jul 16 2019 01:56:17 by "mach5one" with MS VC++ 15.5 (VS2017)

END.
